<?xml version="1.0" encoding="UTF-8"?>
<!-- Generated by org.testng.reporters.JUnitReportReporter -->
<testsuite hostname="DESKTOP-G1JGU75" failures="0" tests="4" name="com.tutorials.qa.testcases.RegisterTest" time="97.292" errors="0" timestamp="2023-05-17T20:12:10 IST" skipped="0">
  <testcase classname="com.tutorials.qa.testcases.RegisterTest" name="verifyRegisterAnAccountWithMandatoryFields" time="23.073"/>
  <system-out/>
  <testcase classname="com.tutorials.qa.testcases.RegisterTest" name="verifyRegisterAccountByProvidingAllFields" time="24.090"/>
  <system-out/>
  <testcase classname="com.tutorials.qa.testcases.RegisterTest" name="verifyRegisterAccountWithExistingEmailAddress" time="28.908"/>
  <system-out/>
  <testcase classname="com.tutorials.qa.testcases.RegisterTest" name="verifyRegisterAccountWithoutFillingAnyDetails" time="21.221"/>
  <system-out/>
</testsuite> <!-- com.tutorials.qa.testcases.RegisterTest -->
