<?xml version="1.0" encoding="UTF-8"?>
<!-- Generated by org.testng.reporters.JUnitReportReporter -->
<testsuite hostname="DESKTOP-G1JGU75" failures="0" tests="7" name="com.tutorials.qa.testcases.LoginTest" time="127.447" errors="0" timestamp="2023-05-17T20:12:10 IST" skipped="0">
  <testcase classname="com.tutorials.qa.testcases.LoginTest" name="VerifyLoginWithValidCredentials" time="11.745"/>
  <system-out/>
  <testcase classname="com.tutorials.qa.testcases.LoginTest" name="VerifyLoginWithValidCredentials" time="18.331"/>
  <system-out/>
  <testcase classname="com.tutorials.qa.testcases.LoginTest" name="VerifyLoginWithValidCredentials" time="20.167"/>
  <system-out/>
  <testcase classname="com.tutorials.qa.testcases.LoginTest" name="VerifyLoginWithInvalidCredentials" time="18.649"/>
  <system-out/>
  <testcase classname="com.tutorials.qa.testcases.LoginTest" name="VerifyLoginWithInvalidEmailAndValidPassword" time="21.395"/>
  <system-out/>
  <testcase classname="com.tutorials.qa.testcases.LoginTest" name="VerifyLoginWithValidEmailAndInvalidPassword" time="17.029"/>
  <system-out/>
  <testcase classname="com.tutorials.qa.testcases.LoginTest" name="VerifyLoginWithoutProvidingCredentials" time="20.131"/>
  <system-out/>
</testsuite> <!-- com.tutorials.qa.testcases.LoginTest -->
